[debug] [2026-04-23T17:14:31.295Z] ----------------------------------------------------------------------
[debug] [2026-04-23T17:14:31.311Z] Command:       E:\nodejs\node.exe C:\Users\Sony\AppData\Roaming\npm\node_modules\firebase-tools\lib\bin\firebase.js init
[debug] [2026-04-23T17:14:31.313Z] CLI Version:   15.15.0
[debug] [2026-04-23T17:14:31.314Z] Platform:      win32
[debug] [2026-04-23T17:14:31.315Z] Node Version:  v24.13.1
[debug] [2026-04-23T17:14:31.316Z] Time:          Thu Apr 23 2026 14:14:31 GMT-0300 (Brasilia Standard Time)
[debug] [2026-04-23T17:14:31.316Z] ----------------------------------------------------------------------
[debug] 
[info] 
     ######## #### ########  ######## ########     ###     ######  ########
     ##        ##  ##     ## ##       ##     ##  ##   ##  ##       ##
     ######    ##  ########  ######   ########  #########  ######  ######
     ##        ##  ##    ##  ##       ##     ## ##     ##       ## ##
     ##       #### ##     ## ######## ########  ##     ##  ######  ########

You're about to initialize a Firebase project in this directory:

  C:\Users\Sony\Documents\USFA RULEBOOK

[info] 
=== Project Setup
[info] 
[info] First, let's associate this project directory with a Firebase project.
[info] You can create multiple project aliases by running firebase use --add, 
[info] 
[debug] [2026-04-23T17:16:00.469Z] > command requires scopes: ["email","openid","https://www.googleapis.com/auth/cloudplatformprojects.readonly","https://www.googleapis.com/auth/firebase","https://www.googleapis.com/auth/cloud-platform"]
[debug] [2026-04-23T17:16:00.471Z] > authorizing via signed-in user (fifakitzofficil@gmail.com)
[debug] [2026-04-23T17:16:00.473Z] Checked if tokens are valid: true, expires at: 1776968057028
[debug] [2026-04-23T17:16:00.473Z] Checked if tokens are valid: true, expires at: 1776968057028
[debug] [2026-04-23T17:16:00.476Z] >>> [apiv2][query] GET https://firebase.googleapis.com/v1beta1/projects pageSize=100
[debug] [2026-04-23T17:16:01.286Z] <<< [apiv2][status] GET https://firebase.googleapis.com/v1beta1/projects 200
[debug] [2026-04-23T17:16:01.286Z] <<< [apiv2][body] GET https://firebase.googleapis.com/v1beta1/projects [omitted]
[info] 
=== Hosting Setup
[debug] [2026-04-23T17:16:04.876Z] Checked if tokens are valid: true, expires at: 1776968057028
[debug] [2026-04-23T17:16:04.877Z] Checked if tokens are valid: true, expires at: 1776968057028
[debug] [2026-04-23T17:16:04.877Z] >>> [apiv2][query] GET https://firebase.googleapis.com/v1beta1/projects/usfa-rulebook [none]
[debug] [2026-04-23T17:16:05.271Z] <<< [apiv2][status] GET https://firebase.googleapis.com/v1beta1/projects/usfa-rulebook 200
[debug] [2026-04-23T17:16:05.272Z] <<< [apiv2][body] GET https://firebase.googleapis.com/v1beta1/projects/usfa-rulebook {"projectId":"usfa-rulebook","projectNumber":"78758828175","displayName":"USFA RULEBOOK","name":"projects/usfa-rulebook","resources":{"hostingSite":"usfa-rulebook"},"state":"ACTIVE","etag":"1_70b7b94c-3494-4edd-8758-328514e7bcc9"}
[info] 
[info] Your public directory is the folder (relative to your project directory) that
[info] will contain Hosting assets to be uploaded with firebase deploy. If you
[info] have a build process for your assets, use your build's output directory.
[info] 
[info] 
[info] i  Didn't detect a .git folder. Assuming C:\Users\Sony\Documents\USFA RULEBOOK is the project root. 
[info] i  Authorizing with GitHub to upload your service account to a GitHub repository's secrets store. 
[info] 
[info] Visit this URL on this device to log in:
[info] https://github.com/login/oauth/authorize?client_id=89cf50f02ac6aaed3484&state=297815645&redirect_uri=http%3A%2F%2Flocalhost%3A9005&scope=read%3Auser%20repo%20public_repo
[info] 
[info] Waiting for authentication...
[debug] [2026-04-23T17:17:57.915Z] >>> [apiv2][query] POST https://github.com/login/oauth/access_token [none]
[debug] [2026-04-23T17:17:57.917Z] >>> [apiv2][body] POST https://github.com/login/oauth/access_token [stream]
[debug] [2026-04-23T17:17:58.529Z] <<< [apiv2][status] POST https://github.com/login/oauth/access_token 200
[debug] [2026-04-23T17:17:58.529Z] <<< [apiv2][body] POST https://github.com/login/oauth/access_token {"access_token":"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","token_type":"bearer","scope":"read:user,repo"}
[debug] [2026-04-23T17:17:58.547Z] >>> [apiv2][query] GET https://api.github.com/user [none]
[debug] [2026-04-23T17:17:59.137Z] <<< [apiv2][status] GET https://api.github.com/user 200
[debug] [2026-04-23T17:17:59.138Z] <<< [apiv2][body] GET https://api.github.com/user {"login":"neycooks","id":168458187,"node_id":"U_kgDOCgp3yw","avatar_url":"https://avatars.githubusercontent.com/u/168458187?v=4","gravatar_id":"","url":"https://api.github.com/users/neycooks","html_url":"https://github.com/neycooks","followers_url":"https://api.github.com/users/neycooks/followers","following_url":"https://api.github.com/users/neycooks/following{/other_user}","gists_url":"https://api.github.com/users/neycooks/gists{/gist_id}","starred_url":"https://api.github.com/users/neycooks/starred{/owner}{/repo}","subscriptions_url":"https://api.github.com/users/neycooks/subscriptions","organizations_url":"https://api.github.com/users/neycooks/orgs","repos_url":"https://api.github.com/users/neycooks/repos","events_url":"https://api.github.com/users/neycooks/events{/privacy}","received_events_url":"https://api.github.com/users/neycooks/received_events","type":"User","user_view_type":"private","site_admin":false,"name":"ney.","company":null,"blog":"","location":null,"email":null,"hireable":null,"bio":"I VIBECODE^","twitter_username":null,"notification_email":null,"public_repos":5,"public_gists":1,"followers":0,"following":0,"created_at":"2024-04-29T15:38:24Z","updated_at":"2026-02-14T10:06:44Z","private_gists":0,"total_private_repos":18,"owned_private_repos":18,"disk_usage":7702,"collaborators":0,"two_factor_authentication":false,"plan":{"name":"free","space":976562499,"collaborators":0,"private_repos":10000}}
[info] 
[info] +  Success! Logged into GitHub as neycooks 
[info] 
